2024-04-02 10:48:04 [background-preinit] INFO  o.h.validator.internal.util.Version - HV000001: Hibernate Validator 8.0.1.Final
2024-04-02 10:48:04 [main] INFO  c.superbiblio.SuperBiblioApplication - Starting SuperBiblioApplication using Java 21.0.2 with PID 4492 (/Users/sowoumar/IdeaProjects/SuperBiblio/target/classes started by sowoumar in /Users/sowoumar/IdeaProjects/SuperBiblio)
2024-04-02 10:48:04 [main] INFO  c.superbiblio.SuperBiblioApplication - No active profile set, falling back to 1 default profile: "default"
2024-04-02 10:48:04 [main] INFO  o.s.d.r.c.RepositoryConfigurationDelegate - Bootstrapping Spring Data JPA repositories in DEFAULT mode.
2024-04-02 10:48:04 [main] INFO  o.s.d.r.c.RepositoryConfigurationDelegate - Finished Spring Data repository scanning in 25 ms. Found 8 JPA repository interfaces.
2024-04-02 10:48:04 [main] INFO  o.s.b.w.e.tomcat.TomcatWebServer - Tomcat initialized with port 8080 (http)
2024-04-02 10:48:04 [main] INFO  o.a.coyote.http11.Http11NioProtocol - Initializing ProtocolHandler ["http-nio-8080"]
2024-04-02 10:48:04 [main] INFO  o.a.catalina.core.StandardService - Starting service [Tomcat]
2024-04-02 10:48:04 [main] INFO  o.a.catalina.core.StandardEngine - Starting Servlet engine: [Apache Tomcat/10.1.19]
2024-04-02 10:48:04 [main] INFO  o.a.c.c.C.[Tomcat].[localhost].[/] - Initializing Spring embedded WebApplicationContext
2024-04-02 10:48:04 [main] INFO  o.s.b.w.s.c.ServletWebServerApplicationContext - Root WebApplicationContext: initialization completed in 662 ms
2024-04-02 10:48:04 [main] INFO  com.zaxxer.hikari.HikariDataSource - HikariPool-1 - Starting...
2024-04-02 10:48:04 [main] INFO  com.zaxxer.hikari.pool.HikariPool - HikariPool-1 - Added connection conn0: url=jdbc:h2:mem:superbiblioBD user=APP
2024-04-02 10:48:04 [main] INFO  com.zaxxer.hikari.HikariDataSource - HikariPool-1 - Start completed.
2024-04-02 10:48:04 [main] INFO  o.s.b.a.h.H2ConsoleAutoConfiguration - H2 console available at '/h2-console'. Database available at 'jdbc:h2:mem:superbiblioBD'
2024-04-02 10:48:05 [main] INFO  o.h.jpa.internal.util.LogHelper - HHH000204: Processing PersistenceUnitInfo [name: default]
2024-04-02 10:48:05 [main] INFO  org.hibernate.Version - HHH000412: Hibernate ORM core version 6.4.4.Final
2024-04-02 10:48:05 [main] INFO  o.h.c.i.RegionFactoryInitiator - HHH000026: Second-level cache disabled
2024-04-02 10:48:05 [main] INFO  o.s.o.j.p.SpringPersistenceUnitInfo - No LoadTimeWeaver setup: ignoring JPA class transformer
2024-04-02 10:48:05 [main] INFO  o.h.e.t.j.p.i.JtaPlatformInitiator - HHH000489: No JTA platform available (set 'hibernate.transaction.jta.platform' to enable JTA platform integration)
2024-04-02 10:48:05 [main] INFO  o.s.o.j.LocalContainerEntityManagerFactoryBean - Initialized JPA EntityManagerFactory for persistence unit 'default'
2024-04-02 10:48:06 [main] WARN  o.s.b.a.o.j.JpaBaseConfiguration$JpaWebConfiguration - spring.jpa.open-in-view is enabled by default. Therefore, database queries may be performed during view rendering. Explicitly configure spring.jpa.open-in-view to disable this warning
2024-04-02 10:48:06 [main] INFO  o.a.coyote.http11.Http11NioProtocol - Starting ProtocolHandler ["http-nio-8080"]
2024-04-02 10:48:06 [main] INFO  o.s.b.w.e.tomcat.TomcatWebServer - Tomcat started on port 8080 (http) with context path ''
2024-04-02 10:48:06 [main] INFO  c.superbiblio.SuperBiblioApplication - Started SuperBiblioApplication in 2.47 seconds (process running for 8.285)
2024-04-02 10:49:03 [SpringApplicationShutdownHook] INFO  o.s.o.j.LocalContainerEntityManagerFactoryBean - Closing JPA EntityManagerFactory for persistence unit 'default'
2024-04-02 10:49:03 [SpringApplicationShutdownHook] INFO  com.zaxxer.hikari.HikariDataSource - HikariPool-1 - Shutdown initiated...
2024-04-02 10:49:03 [SpringApplicationShutdownHook] INFO  com.zaxxer.hikari.HikariDataSource - HikariPool-1 - Shutdown completed.
2024-04-03 09:43:12 [background-preinit] INFO  o.h.validator.internal.util.Version - HV000001: Hibernate Validator 8.0.1.Final
2024-04-03 09:43:12 [main] INFO  c.superbiblio.SuperBiblioApplication - Starting SuperBiblioApplication using Java 21.0.2 with PID 9717 (/Users/sowoumar/IdeaProjects/SuperBiblio/target/classes started by sowoumar in /Users/sowoumar/IdeaProjects/SuperBiblio)
2024-04-03 09:43:12 [main] INFO  c.superbiblio.SuperBiblioApplication - No active profile set, falling back to 1 default profile: "default"
2024-04-03 09:43:13 [main] INFO  o.s.d.r.c.RepositoryConfigurationDelegate - Bootstrapping Spring Data JPA repositories in DEFAULT mode.
2024-04-03 09:43:13 [main] INFO  o.s.d.r.c.RepositoryConfigurationDelegate - Finished Spring Data repository scanning in 26 ms. Found 8 JPA repository interfaces.
2024-04-03 09:43:13 [main] INFO  o.s.b.w.e.tomcat.TomcatWebServer - Tomcat initialized with port 8080 (http)
2024-04-03 09:43:13 [main] INFO  o.a.coyote.http11.Http11NioProtocol - Initializing ProtocolHandler ["http-nio-8080"]
2024-04-03 09:43:13 [main] INFO  o.a.catalina.core.StandardService - Starting service [Tomcat]
2024-04-03 09:43:13 [main] INFO  o.a.catalina.core.StandardEngine - Starting Servlet engine: [Apache Tomcat/10.1.19]
2024-04-03 09:43:13 [main] INFO  o.a.c.c.C.[Tomcat].[localhost].[/] - Initializing Spring embedded WebApplicationContext
2024-04-03 09:43:13 [main] INFO  o.s.b.w.s.c.ServletWebServerApplicationContext - Root WebApplicationContext: initialization completed in 671 ms
2024-04-03 09:43:13 [main] INFO  com.zaxxer.hikari.HikariDataSource - HikariPool-1 - Starting...
2024-04-03 09:43:13 [main] INFO  com.zaxxer.hikari.pool.HikariPool - HikariPool-1 - Added connection conn0: url=jdbc:h2:mem:superbiblioBD user=APP
2024-04-03 09:43:13 [main] INFO  com.zaxxer.hikari.HikariDataSource - HikariPool-1 - Start completed.
2024-04-03 09:43:13 [main] INFO  o.s.b.a.h.H2ConsoleAutoConfiguration - H2 console available at '/h2-console'. Database available at 'jdbc:h2:mem:superbiblioBD'
2024-04-03 09:43:13 [main] INFO  o.h.jpa.internal.util.LogHelper - HHH000204: Processing PersistenceUnitInfo [name: default]
2024-04-03 09:43:13 [main] INFO  org.hibernate.Version - HHH000412: Hibernate ORM core version 6.4.4.Final
2024-04-03 09:43:13 [main] INFO  o.h.c.i.RegionFactoryInitiator - HHH000026: Second-level cache disabled
2024-04-03 09:43:13 [main] INFO  o.s.o.j.p.SpringPersistenceUnitInfo - No LoadTimeWeaver setup: ignoring JPA class transformer
2024-04-03 09:43:14 [main] INFO  o.h.e.t.j.p.i.JtaPlatformInitiator - HHH000489: No JTA platform available (set 'hibernate.transaction.jta.platform' to enable JTA platform integration)
2024-04-03 09:43:14 [main] INFO  o.s.o.j.LocalContainerEntityManagerFactoryBean - Initialized JPA EntityManagerFactory for persistence unit 'default'
2024-04-03 09:43:14 [main] WARN  o.s.b.a.o.j.JpaBaseConfiguration$JpaWebConfiguration - spring.jpa.open-in-view is enabled by default. Therefore, database queries may be performed during view rendering. Explicitly configure spring.jpa.open-in-view to disable this warning
2024-04-03 09:43:15 [main] INFO  o.a.coyote.http11.Http11NioProtocol - Starting ProtocolHandler ["http-nio-8080"]
2024-04-03 09:43:15 [main] INFO  o.s.b.w.e.tomcat.TomcatWebServer - Tomcat started on port 8080 (http) with context path ''
2024-04-03 09:43:15 [main] INFO  c.superbiblio.SuperBiblioApplication - Started SuperBiblioApplication in 2.596 seconds (process running for 8.339)
2024-04-03 09:50:15 [SpringApplicationShutdownHook] INFO  o.s.o.j.LocalContainerEntityManagerFactoryBean - Closing JPA EntityManagerFactory for persistence unit 'default'
2024-04-03 09:50:15 [SpringApplicationShutdownHook] INFO  com.zaxxer.hikari.HikariDataSource - HikariPool-1 - Shutdown initiated...
2024-04-03 09:50:15 [SpringApplicationShutdownHook] INFO  com.zaxxer.hikari.HikariDataSource - HikariPool-1 - Shutdown completed.
2024-04-03 09:50:27 [background-preinit] INFO  o.h.validator.internal.util.Version - HV000001: Hibernate Validator 8.0.1.Final
2024-04-03 09:50:27 [main] INFO  c.superbiblio.SuperBiblioApplication - Starting SuperBiblioApplication using Java 21.0.2 with PID 9768 (/Users/sowoumar/IdeaProjects/SuperBiblio/target/classes started by sowoumar in /Users/sowoumar/IdeaProjects/SuperBiblio)
2024-04-03 09:50:27 [main] INFO  c.superbiblio.SuperBiblioApplication - No active profile set, falling back to 1 default profile: "default"
2024-04-03 09:50:27 [main] INFO  o.s.d.r.c.RepositoryConfigurationDelegate - Bootstrapping Spring Data JPA repositories in DEFAULT mode.
2024-04-03 09:50:27 [main] INFO  o.s.d.r.c.RepositoryConfigurationDelegate - Finished Spring Data repository scanning in 25 ms. Found 8 JPA repository interfaces.
2024-04-03 09:50:28 [main] INFO  o.s.b.w.e.tomcat.TomcatWebServer - Tomcat initialized with port 8080 (http)
2024-04-03 09:50:28 [main] INFO  o.a.coyote.http11.Http11NioProtocol - Initializing ProtocolHandler ["http-nio-8080"]
2024-04-03 09:50:28 [main] INFO  o.a.catalina.core.StandardService - Starting service [Tomcat]
2024-04-03 09:50:28 [main] INFO  o.a.catalina.core.StandardEngine - Starting Servlet engine: [Apache Tomcat/10.1.19]
2024-04-03 09:50:28 [main] INFO  o.a.c.c.C.[Tomcat].[localhost].[/] - Initializing Spring embedded WebApplicationContext
2024-04-03 09:50:28 [main] INFO  o.s.b.w.s.c.ServletWebServerApplicationContext - Root WebApplicationContext: initialization completed in 616 ms
2024-04-03 09:50:28 [main] INFO  com.zaxxer.hikari.HikariDataSource - HikariPool-1 - Starting...
2024-04-03 09:50:28 [main] INFO  com.zaxxer.hikari.pool.HikariPool - HikariPool-1 - Added connection conn0: url=jdbc:h2:mem:superbiblioBD user=APP
2024-04-03 09:50:28 [main] INFO  com.zaxxer.hikari.HikariDataSource - HikariPool-1 - Start completed.
2024-04-03 09:50:28 [main] INFO  o.s.b.a.h.H2ConsoleAutoConfiguration - H2 console available at '/h2-console'. Database available at 'jdbc:h2:mem:superbiblioBD'
2024-04-03 09:50:28 [main] INFO  o.h.jpa.internal.util.LogHelper - HHH000204: Processing PersistenceUnitInfo [name: default]
2024-04-03 09:50:28 [main] INFO  org.hibernate.Version - HHH000412: Hibernate ORM core version 6.4.4.Final
2024-04-03 09:50:28 [main] INFO  o.h.c.i.RegionFactoryInitiator - HHH000026: Second-level cache disabled
2024-04-03 09:50:28 [main] INFO  o.s.o.j.p.SpringPersistenceUnitInfo - No LoadTimeWeaver setup: ignoring JPA class transformer
2024-04-03 09:50:28 [main] INFO  o.h.e.t.j.p.i.JtaPlatformInitiator - HHH000489: No JTA platform available (set 'hibernate.transaction.jta.platform' to enable JTA platform integration)
2024-04-03 09:50:28 [main] INFO  o.s.o.j.LocalContainerEntityManagerFactoryBean - Initialized JPA EntityManagerFactory for persistence unit 'default'
2024-04-03 09:50:29 [main] WARN  o.s.b.a.o.j.JpaBaseConfiguration$JpaWebConfiguration - spring.jpa.open-in-view is enabled by default. Therefore, database queries may be performed during view rendering. Explicitly configure spring.jpa.open-in-view to disable this warning
2024-04-03 09:50:29 [main] INFO  o.a.coyote.http11.Http11NioProtocol - Starting ProtocolHandler ["http-nio-8080"]
2024-04-03 09:50:29 [main] INFO  o.s.b.w.e.tomcat.TomcatWebServer - Tomcat started on port 8080 (http) with context path ''
2024-04-03 09:50:29 [main] INFO  c.superbiblio.SuperBiblioApplication - Started SuperBiblioApplication in 2.406 seconds (process running for 7.798)
2024-04-03 10:00:09 [SpringApplicationShutdownHook] INFO  o.s.o.j.LocalContainerEntityManagerFactoryBean - Closing JPA EntityManagerFactory for persistence unit 'default'
2024-04-03 10:00:09 [SpringApplicationShutdownHook] INFO  com.zaxxer.hikari.HikariDataSource - HikariPool-1 - Shutdown initiated...
2024-04-03 10:00:09 [SpringApplicationShutdownHook] INFO  com.zaxxer.hikari.HikariDataSource - HikariPool-1 - Shutdown completed.
2024-04-03 10:03:32,661 INFO o.h.v.i.u.Version [background-preinit] HV000001: Hibernate Validator 8.0.1.Final
2024-04-03 10:03:32,947 INFO o.s.d.r.c.RepositoryConfigurationDelegate [main] Bootstrapping Spring Data JPA repositories in DEFAULT mode.
2024-04-03 10:03:32,974 INFO o.s.d.r.c.RepositoryConfigurationDelegate [main] Finished Spring Data repository scanning in 23 ms. Found 8 JPA repository interfaces.
2024-04-03 10:03:33,293 INFO o.s.b.w.e.t.TomcatWebServer [main] Tomcat initialized with port 8080 (http)
2024-04-03 10:03:33,299 INFO o.a.j.l.DirectJDKLog [main] Initializing ProtocolHandler ["http-nio-8080"]
2024-04-03 10:03:33,300 INFO o.a.j.l.DirectJDKLog [main] Starting service [Tomcat]
2024-04-03 10:03:33,300 INFO o.a.j.l.DirectJDKLog [main] Starting Servlet engine: [Apache Tomcat/10.1.19]
2024-04-03 10:03:33,320 INFO o.a.j.l.DirectJDKLog [main] Initializing Spring embedded WebApplicationContext
2024-04-03 10:03:33,321 INFO o.s.b.w.s.c.ServletWebServerApplicationContext [main] Root WebApplicationContext: initialization completed in 632 ms
2024-04-03 10:03:33,345 INFO c.z.h.HikariDataSource [main] HikariPool-1 - Starting...
2024-04-03 10:03:33,441 INFO c.z.h.p.HikariPool [main] HikariPool-1 - Added connection conn0: url=jdbc:h2:mem:superbiblioBD user=APP
2024-04-03 10:03:33,442 INFO c.z.h.HikariDataSource [main] HikariPool-1 - Start completed.
2024-04-03 10:03:33,447 INFO o.s.b.a.h.H2ConsoleAutoConfiguration [main] H2 console available at '/h2-console'. Database available at 'jdbc:h2:mem:superbiblioBD'
2024-04-03 10:03:33,545 INFO o.h.j.i.u.LogHelper [main] HHH000204: Processing PersistenceUnitInfo [name: default]
2024-04-03 10:03:33,573 INFO o.h.Version [main] HHH000412: Hibernate ORM core version 6.4.4.Final
2024-04-03 10:03:33,588 INFO o.h.c.i.RegionFactoryInitiator [main] HHH000026: Second-level cache disabled
2024-04-03 10:03:33,691 INFO o.s.o.j.p.SpringPersistenceUnitInfo [main] No LoadTimeWeaver setup: ignoring JPA class transformer
2024-04-03 10:03:34,183 INFO o.h.e.t.j.p.i.JtaPlatformInitiator [main] HHH000489: No JTA platform available (set 'hibernate.transaction.jta.platform' to enable JTA platform integration)
2024-04-03 10:03:34,184 INFO o.s.o.j.AbstractEntityManagerFactoryBean [main] Initialized JPA EntityManagerFactory for persistence unit 'default'
2024-04-03 10:03:34,677 WARN o.s.b.a.o.j.JpaBaseConfiguration$JpaWebConfiguration [main] spring.jpa.open-in-view is enabled by default. Therefore, database queries may be performed during view rendering. Explicitly configure spring.jpa.open-in-view to disable this warning
2024-04-03 10:03:34,988 INFO o.a.j.l.DirectJDKLog [main] Starting ProtocolHandler ["http-nio-8080"]
2024-04-03 10:03:34,997 INFO o.s.b.w.e.t.TomcatWebServer [main] Tomcat started on port 8080 (http) with context path ''
2024-04-03 10:04:33,749 INFO o.s.o.j.AbstractEntityManagerFactoryBean [SpringApplicationShutdownHook] Closing JPA EntityManagerFactory for persistence unit 'default'
2024-04-03 10:04:33,751 INFO c.z.h.HikariDataSource [SpringApplicationShutdownHook] HikariPool-1 - Shutdown initiated...
2024-04-03 10:04:33,753 INFO c.z.h.HikariDataSource [SpringApplicationShutdownHook] HikariPool-1 - Shutdown completed.
