2024-04-03 10:04:45,493 INFO o.h.v.i.u.Version [background-preinit] HV000001: Hibernate Validator 8.0.1.Final
2024-04-03 10:04:45,787 INFO o.s.d.r.c.RepositoryConfigurationDelegate [main] Bootstrapping Spring Data JPA repositories in DEFAULT mode.
2024-04-03 10:04:45,816 INFO o.s.d.r.c.RepositoryConfigurationDelegate [main] Finished Spring Data repository scanning in 25 ms. Found 8 JPA repository interfaces.
2024-04-03 10:04:46,134 INFO o.s.b.w.e.t.TomcatWebServer [main] Tomcat initialized with port 8080 (http)
2024-04-03 10:04:46,139 INFO o.a.j.l.DirectJDKLog [main] Initializing ProtocolHandler ["http-nio-8080"]
2024-04-03 10:04:46,140 INFO o.a.j.l.DirectJDKLog [main] Starting service [Tomcat]
2024-04-03 10:04:46,140 INFO o.a.j.l.DirectJDKLog [main] Starting Servlet engine: [Apache Tomcat/10.1.19]
2024-04-03 10:04:46,160 INFO o.a.j.l.DirectJDKLog [main] Initializing Spring embedded WebApplicationContext
2024-04-03 10:04:46,161 INFO o.s.b.w.s.c.ServletWebServerApplicationContext [main] Root WebApplicationContext: initialization completed in 639 ms
2024-04-03 10:04:46,183 INFO c.z.h.HikariDataSource [main] HikariPool-1 - Starting...
2024-04-03 10:04:46,276 INFO c.z.h.p.HikariPool [main] HikariPool-1 - Added connection conn0: url=jdbc:h2:mem:superbiblioBD user=APP
2024-04-03 10:04:46,276 INFO c.z.h.HikariDataSource [main] HikariPool-1 - Start completed.
2024-04-03 10:04:46,282 INFO o.s.b.a.h.H2ConsoleAutoConfiguration [main] H2 console available at '/h2-console'. Database available at 'jdbc:h2:mem:superbiblioBD'
2024-04-03 10:04:46,382 INFO o.h.j.i.u.LogHelper [main] HHH000204: Processing PersistenceUnitInfo [name: default]
2024-04-03 10:04:46,409 INFO o.h.Version [main] HHH000412: Hibernate ORM core version 6.4.4.Final
2024-04-03 10:04:46,424 INFO o.h.c.i.RegionFactoryInitiator [main] HHH000026: Second-level cache disabled
2024-04-03 10:04:46,529 INFO o.s.o.j.p.SpringPersistenceUnitInfo [main] No LoadTimeWeaver setup: ignoring JPA class transformer
2024-04-03 10:04:47,017 INFO o.h.e.t.j.p.i.JtaPlatformInitiator [main] HHH000489: No JTA platform available (set 'hibernate.transaction.jta.platform' to enable JTA platform integration)
2024-04-03 10:04:47,019 INFO o.s.o.j.AbstractEntityManagerFactoryBean [main] Initialized JPA EntityManagerFactory for persistence unit 'default'
2024-04-03 10:04:47,530 WARN o.s.b.a.o.j.JpaBaseConfiguration$JpaWebConfiguration [main] spring.jpa.open-in-view is enabled by default. Therefore, database queries may be performed during view rendering. Explicitly configure spring.jpa.open-in-view to disable this warning
2024-04-03 10:04:47,858 INFO o.a.j.l.DirectJDKLog [main] Starting ProtocolHandler ["http-nio-8080"]
2024-04-03 10:04:47,867 INFO o.s.b.w.e.t.TomcatWebServer [main] Tomcat started on port 8080 (http) with context path ''
2024-04-03 10:05:14,829 INFO o.a.j.l.DirectJDKLog [http-nio-8080-exec-1] Initializing Spring DispatcherServlet 'dispatcherServlet'
2024-04-03 10:05:14,830 INFO o.s.w.s.FrameworkServlet [http-nio-8080-exec-1] Initializing Servlet 'dispatcherServlet'
2024-04-03 10:05:14,831 INFO o.s.w.s.FrameworkServlet [http-nio-8080-exec-1] Completed initialization in 1 ms
2024-04-03 10:07:32,622 INFO o.s.o.j.AbstractEntityManagerFactoryBean [SpringApplicationShutdownHook] Closing JPA EntityManagerFactory for persistence unit 'default'
2024-04-03 10:07:32,623 INFO c.z.h.HikariDataSource [SpringApplicationShutdownHook] HikariPool-1 - Shutdown initiated...
2024-04-03 10:07:32,625 INFO c.z.h.HikariDataSource [SpringApplicationShutdownHook] HikariPool-1 - Shutdown completed.
2024-04-30 16:11:28,241 INFO o.h.v.i.u.Version [background-preinit] HV000001: Hibernate Validator 8.0.1.Final
2024-04-30 16:11:29,072 INFO o.s.d.r.c.RepositoryConfigurationDelegate [main] Bootstrapping Spring Data JPA repositories in DEFAULT mode.
2024-04-30 16:11:29,132 INFO o.s.d.r.c.RepositoryConfigurationDelegate [main] Finished Spring Data repository scanning in 52 ms. Found 8 JPA repository interfaces.
2024-04-30 16:11:29,778 INFO o.s.b.w.e.t.TomcatWebServer [main] Tomcat initialized with port 8080 (http)
2024-04-30 16:11:29,788 INFO o.a.j.l.DirectJDKLog [main] Initializing ProtocolHandler ["http-nio-8080"]
2024-04-30 16:11:29,791 INFO o.a.j.l.DirectJDKLog [main] Starting service [Tomcat]
2024-04-30 16:11:29,791 INFO o.a.j.l.DirectJDKLog [main] Starting Servlet engine: [Apache Tomcat/10.1.19]
2024-04-30 16:11:29,842 INFO o.a.j.l.DirectJDKLog [main] Initializing Spring embedded WebApplicationContext
2024-04-30 16:11:29,843 INFO o.s.b.w.s.c.ServletWebServerApplicationContext [main] Root WebApplicationContext: initialization completed in 1533 ms
2024-04-30 16:11:29,876 INFO c.z.h.HikariDataSource [main] HikariPool-1 - Starting...
2024-04-30 16:11:30,086 INFO c.z.h.p.HikariPool [main] HikariPool-1 - Added connection conn0: url=jdbc:h2:mem:superbiblioBD user=APP
2024-04-30 16:11:30,088 INFO c.z.h.HikariDataSource [main] HikariPool-1 - Start completed.
2024-04-30 16:11:30,098 INFO o.s.b.a.h.H2ConsoleAutoConfiguration [main] H2 console available at '/h2-console'. Database available at 'jdbc:h2:mem:superbiblioBD'
2024-04-30 16:11:30,271 INFO o.h.j.i.u.LogHelper [main] HHH000204: Processing PersistenceUnitInfo [name: default]
2024-04-30 16:11:30,348 INFO o.h.Version [main] HHH000412: Hibernate ORM core version 6.4.4.Final
2024-04-30 16:11:30,383 INFO o.h.c.i.RegionFactoryInitiator [main] HHH000026: Second-level cache disabled
2024-04-30 16:11:30,629 INFO o.s.o.j.p.SpringPersistenceUnitInfo [main] No LoadTimeWeaver setup: ignoring JPA class transformer
2024-04-30 16:11:31,596 INFO o.h.e.t.j.p.i.JtaPlatformInitiator [main] HHH000489: No JTA platform available (set 'hibernate.transaction.jta.platform' to enable JTA platform integration)
2024-04-30 16:11:31,599 INFO o.s.o.j.AbstractEntityManagerFactoryBean [main] Initialized JPA EntityManagerFactory for persistence unit 'default'
2024-04-30 16:11:32,434 WARN o.s.b.a.o.j.JpaBaseConfiguration$JpaWebConfiguration [main] spring.jpa.open-in-view is enabled by default. Therefore, database queries may be performed during view rendering. Explicitly configure spring.jpa.open-in-view to disable this warning
2024-04-30 16:11:32,908 INFO o.a.j.l.DirectJDKLog [main] Starting ProtocolHandler ["http-nio-8080"]
2024-04-30 16:11:32,922 INFO o.s.b.w.e.t.TomcatWebServer [main] Tomcat started on port 8080 (http) with context path ''
2024-04-30 16:12:50,581 INFO o.a.j.l.DirectJDKLog [http-nio-8080-exec-2] Initializing Spring DispatcherServlet 'dispatcherServlet'
2024-04-30 16:12:50,582 INFO o.s.w.s.FrameworkServlet [http-nio-8080-exec-2] Initializing Servlet 'dispatcherServlet'
2024-04-30 16:12:50,584 INFO o.s.w.s.FrameworkServlet [http-nio-8080-exec-2] Completed initialization in 2 ms
2024-04-30 16:12:50,609 ERROR c.s.e.GlobalExceptionController [http-nio-8080-exec-2] Une erreur s'est produite: No static resource favicon.ico.
2024-04-30 16:12:54,004 ERROR c.s.e.GlobalExceptionController [http-nio-8080-exec-3] Une erreur s'est produite: No static resource favicon.ico.
2024-04-30 16:15:16,232 ERROR c.s.e.GlobalExceptionController [http-nio-8080-exec-4] Une erreur s'est produite: No static resource favicon.ico.
2024-04-30 16:15:36,851 ERROR c.s.e.GlobalExceptionController [http-nio-8080-exec-2] Une erreur s'est produite: No static resource favicon.ico.
2024-04-30 16:16:15,118 ERROR c.s.e.GlobalExceptionController [http-nio-8080-exec-2] Une erreur s'est produite: No static resource favicon.ico.
